<?xml version="1.0" encoding="UTF-8"?>
<testsuite xmlns:xsi="http://www.w3.org/2001/XMLSchema-instance" xsi:noNamespaceSchemaLocation="https://maven.apache.org/surefire/maven-surefire-plugin/xsd/surefire-test-report.xsd" name="in.education.student.BasicSecurityConfigurationTest" time="7.282" tests="2" errors="2" skipped="0" failures="0">
  <properties>
[...]
</properties>
  <testcase name="whenLoggedUserRequestsHomePage_ThenSuccess" classname="in.education.student.BasicSecurityConfigurationTest" time="0.001">
    <error message="Failed to load ApplicationContext" type="java.lang.IllegalStateException">java.lang.IllegalStateException: Failed to load ApplicationContext
Caused by: org.springframework.beans.factory.BeanCreationException: Error creating bean with name 'userRepository': Post-processing of merged bean definition failed; nested exception is java.lang.NoSuchMethodError: javax.persistence.PersistenceContext.synchronization()Ljavax/persistence/SynchronizationType;
Caused by: java.lang.NoSuchMethodError: javax.persistence.PersistenceContext.synchronization()Ljavax/persistence/SynchronizationType;
</error>
    <system-out><![CDATA[
  .   ____          _            __ _ _
 /\\ / ___'_ __ _ _(_)_ __  __ _ \ \ \ \
( ( )\___ | '_ | '_| | '_ \/ _` | \ \ \ \
 \\/  ___)| |_)| | | | | || (_| |  ) ) ) )
  '  |____| .__|_| |_|_| |_\__, | / / / /
 =========|_|==============|___/=/_/_/_/
 :: Spring Boot ::        (v2.1.3.RELEASE)

2019-03-27 19:20:56 WARN  o.s.b.t.j.DuplicateJsonObjectContextCustomizerFactory$DuplicateJsonObjectContextCustomizer - 

Found multiple occurrences of org.json.JSONObject on the class path:

	jar:file:/C:/Users/rajeswararao.pamarth/.m2/repository/com/vaadin/external/google/android-json/0.0.20131108.vaadin1/android-json-0.0.20131108.vaadin1.jar!/org/json/JSONObject.class
	jar:file:/C:/Users/rajeswararao.pamarth/.m2/repository/org/json/json/20090211/json-20090211.jar!/org/json/JSONObject.class

You may wish to exclude one of them to ensure predictable runtime behavior

2019-03-27 19:20:56 INFO  i.e.s.BasicSecurityConfigurationTest - Starting BasicSecurityConfigurationTest on MEIL5003-NAGASATYA with PID 16168 (started by rajeswararao.pamarth in D:\Workspaces\IntelliJWorkSpace\StudentApp)
2019-03-27 19:20:56 INFO  i.e.s.BasicSecurityConfigurationTest - No active profile set, falling back to default profiles: default
2019-03-27 19:20:57 INFO  o.s.d.r.c.RepositoryConfigurationDelegate - Bootstrapping Spring Data repositories in DEFAULT mode.
2019-03-27 19:20:57 INFO  o.s.d.r.c.RepositoryConfigurationDelegate - Finished Spring Data repository scanning in 70ms. Found 1 repository interfaces.
2019-03-27 19:20:58 INFO  o.s.c.s.PostProcessorRegistrationDelegate$BeanPostProcessorChecker - Bean 'org.springframework.transaction.annotation.ProxyTransactionManagementConfiguration' of type [org.springframework.transaction.annotation.ProxyTransactionManagementConfiguration$$EnhancerBySpringCGLIB$$c5567545] is not eligible for getting processed by all BeanPostProcessors (for example: not eligible for auto-proxying)
2019-03-27 19:20:59 INFO  o.s.b.w.e.tomcat.TomcatWebServer - Tomcat initialized with port(s): 0 (http)
2019-03-27 19:20:59 INFO  o.a.coyote.http11.Http11NioProtocol - Initializing ProtocolHandler ["http-nio-auto-1"]
2019-03-27 19:20:59 INFO  o.a.catalina.core.StandardService - Starting service [Tomcat]
2019-03-27 19:20:59 INFO  o.a.catalina.core.StandardEngine - Starting Servlet engine: [Apache Tomcat/9.0.16]
2019-03-27 19:20:59 INFO  o.a.c.core.AprLifecycleListener - The APR based Apache Tomcat Native library which allows optimal performance in production environments was not found on the java.library.path: [C:\Program Files\Java\jdk1.8.0_161\jre\bin;C:\Windows\Sun\Java\bin;C:\Windows\system32;C:\Windows;C:\Program Files (x86)\Common Files\Oracle\Java\javapath;C:\ProgramData\Oracle\Java\javapath;C:\Windows\system32;C:\Windows;C:\Windows\System32\Wbem;C:\Windows\System32\WindowsPowerShell\v1.0\;C:\Program Files\Java\jdk1.8.0_161\bin;D:\softwares\apache-maven-3.3.9-bin\apache-maven-3.3.9\bin;D:\softwares\apache-ant-1.10.1\bin;C:\Users\nagasatya.mandalapu\AppData\Local\Android\Sdk\platform-tools;C:\Users\nagasatya.mandalapu\AppData\Local\Android\Sdk\build-tools;C:\Users\nagasatya.mandalapu\AppData\Local\Android\Sdk\tools;C:\Gradle\bin;C:\Program Files\nodejs\;C:\Program Files\PostgreSQL\9.3\bin;C:\Program Files\Redis;C:\ProgramData\chocolatey\bin;C:\Python27;C:\Python27\Scripts;C:\apache-ant-1.10.5\bin;C:\Program Files\RabbitMQ Server\rabbitmq_server-3.7.9\sbin;C:\Program Files\Handle;C:\Users\rajeswararao.pamarth\AppData\Local\Programs\Git\bin;C:\Users\rajeswararao.pamarth\AppData\Local\Microsoft\WindowsApps;C:\Users\rajeswararao.pamarth\AppData\Roaming\npm;C:\Users\rajeswararao.pamarth\AppData\Local\Programs\Microsoft VS Code\bin;.]
2019-03-27 19:20:59 INFO  org.apache.jasper.servlet.TldScanner - At least one JAR was scanned for TLDs yet contained no TLDs. Enable debug logging for this logger for a complete list of JARs that were scanned but no TLDs were found in them. Skipping unneeded JARs during scanning can improve startup time and JSP compilation time.
2019-03-27 19:20:59 INFO  o.a.c.c.C.[Tomcat].[localhost].[/] - Initializing Spring embedded WebApplicationContext
2019-03-27 19:20:59 INFO  o.s.web.context.ContextLoader - Root WebApplicationContext: initialization completed in 2843 ms
2019-03-27 19:21:00 WARN  o.s.b.w.s.c.AnnotationConfigServletWebServerApplicationContext - Exception encountered during context initialization - cancelling refresh attempt: org.springframework.beans.factory.BeanCreationException: Error creating bean with name 'userRepository': Post-processing of merged bean definition failed; nested exception is java.lang.NoSuchMethodError: javax.persistence.PersistenceContext.synchronization()Ljavax/persistence/SynchronizationType;
2019-03-27 19:21:00 INFO  o.a.catalina.core.StandardService - Stopping service [Tomcat]
2019-03-27 19:21:00 INFO  o.s.b.a.l.ConditionEvaluationReportLoggingListener - 

Error starting ApplicationContext. To display the conditions report re-run your application with 'debug' enabled.
2019-03-27 19:21:00 ERROR o.s.b.d.LoggingFailureAnalysisReporter - 

***************************
APPLICATION FAILED TO START
***************************

Description:

An attempt was made to call the method javax.persistence.PersistenceContext.synchronization()Ljavax/persistence/SynchronizationType; but it does not exist. Its class, javax.persistence.PersistenceContext, is available from the following locations:

    jar:file:/C:/Users/rajeswararao.pamarth/.m2/repository/org/hibernate/javax/persistence/hibernate-jpa-2.0-api/1.0.1.Final/hibernate-jpa-2.0-api-1.0.1.Final.jar!/javax/persistence/PersistenceContext.class
    jar:file:/C:/Users/rajeswararao.pamarth/.m2/repository/org/hibernate/javax/persistence/hibernate-jpa-2.1-api/1.0.0.Final/hibernate-jpa-2.1-api-1.0.0.Final.jar!/javax/persistence/PersistenceContext.class

It was loaded from the following location:

    file:/C:/Users/rajeswararao.pamarth/.m2/repository/org/hibernate/javax/persistence/hibernate-jpa-2.0-api/1.0.1.Final/hibernate-jpa-2.0-api-1.0.1.Final.jar


Action:

Correct the classpath of your application so that it contains a single, compatible version of javax.persistence.PersistenceContext


  .   ____          _            __ _ _
 /\\ / ___'_ __ _ _(_)_ __  __ _ \ \ \ \
( ( )\___ | '_ | '_| | '_ \/ _` | \ \ \ \
 \\/  ___)| |_)| | | | | || (_| |  ) ) ) )
  '  |____| .__|_| |_|_| |_\__, | / / / /
 =========|_|==============|___/=/_/_/_/
 :: Spring Boot ::        (v2.1.3.RELEASE)

2019-03-27 19:21:00 WARN  o.s.b.t.j.DuplicateJsonObjectContextCustomizerFactory$DuplicateJsonObjectContextCustomizer - 

Found multiple occurrences of org.json.JSONObject on the class path:

	jar:file:/C:/Users/rajeswararao.pamarth/.m2/repository/com/vaadin/external/google/android-json/0.0.20131108.vaadin1/android-json-0.0.20131108.vaadin1.jar!/org/json/JSONObject.class
	jar:file:/C:/Users/rajeswararao.pamarth/.m2/repository/org/json/json/20090211/json-20090211.jar!/org/json/JSONObject.class

You may wish to exclude one of them to ensure predictable runtime behavior

2019-03-27 19:21:00 INFO  i.e.s.BasicSecurityConfigurationTest - Starting BasicSecurityConfigurationTest on MEIL5003-NAGASATYA with PID 16168 (started by rajeswararao.pamarth in D:\Workspaces\IntelliJWorkSpace\StudentApp)
2019-03-27 19:21:00 INFO  i.e.s.BasicSecurityConfigurationTest - No active profile set, falling back to default profiles: default
2019-03-27 19:21:00 INFO  o.s.d.r.c.RepositoryConfigurationDelegate - Bootstrapping Spring Data repositories in DEFAULT mode.
2019-03-27 19:21:00 INFO  o.s.d.r.c.RepositoryConfigurationDelegate - Finished Spring Data repository scanning in 14ms. Found 1 repository interfaces.
2019-03-27 19:21:00 INFO  o.s.c.s.PostProcessorRegistrationDelegate$BeanPostProcessorChecker - Bean 'org.springframework.transaction.annotation.ProxyTransactionManagementConfiguration' of type [org.springframework.transaction.annotation.ProxyTransactionManagementConfiguration$$EnhancerBySpringCGLIB$$c5567545] is not eligible for getting processed by all BeanPostProcessors (for example: not eligible for auto-proxying)
2019-03-27 19:21:00 INFO  o.s.b.w.e.tomcat.TomcatWebServer - Tomcat initialized with port(s): 0 (http)
2019-03-27 19:21:00 INFO  o.a.coyote.http11.Http11NioProtocol - Initializing ProtocolHandler ["http-nio-auto-2"]
2019-03-27 19:21:00 INFO  o.a.catalina.core.StandardService - Starting service [Tomcat]
2019-03-27 19:21:00 INFO  o.a.catalina.core.StandardEngine - Starting Servlet engine: [Apache Tomcat/9.0.16]
2019-03-27 19:21:00 INFO  org.apache.jasper.servlet.TldScanner - At least one JAR was scanned for TLDs yet contained no TLDs. Enable debug logging for this logger for a complete list of JARs that were scanned but no TLDs were found in them. Skipping unneeded JARs during scanning can improve startup time and JSP compilation time.
2019-03-27 19:21:00 INFO  o.a.c.c.C.[Tomcat-1].[localhost].[/] - Initializing Spring embedded WebApplicationContext
2019-03-27 19:21:00 INFO  o.s.web.context.ContextLoader - Root WebApplicationContext: initialization completed in 696 ms
2019-03-27 19:21:01 WARN  o.s.b.w.s.c.AnnotationConfigServletWebServerApplicationContext - Exception encountered during context initialization - cancelling refresh attempt: org.springframework.beans.factory.BeanCreationException: Error creating bean with name 'userRepository': Post-processing of merged bean definition failed; nested exception is java.lang.NoSuchMethodError: javax.persistence.PersistenceContext.synchronization()Ljavax/persistence/SynchronizationType;
2019-03-27 19:21:01 INFO  o.a.catalina.core.StandardService - Stopping service [Tomcat]
2019-03-27 19:21:01 INFO  o.s.b.a.l.ConditionEvaluationReportLoggingListener - 

Error starting ApplicationContext. To display the conditions report re-run your application with 'debug' enabled.
2019-03-27 19:21:01 ERROR o.s.b.d.LoggingFailureAnalysisReporter - 

***************************
APPLICATION FAILED TO START
***************************

Description:

An attempt was made to call the method javax.persistence.PersistenceContext.synchronization()Ljavax/persistence/SynchronizationType; but it does not exist. Its class, javax.persistence.PersistenceContext, is available from the following locations:

    jar:file:/C:/Users/rajeswararao.pamarth/.m2/repository/org/hibernate/javax/persistence/hibernate-jpa-2.0-api/1.0.1.Final/hibernate-jpa-2.0-api-1.0.1.Final.jar!/javax/persistence/PersistenceContext.class
    jar:file:/C:/Users/rajeswararao.pamarth/.m2/repository/org/hibernate/javax/persistence/hibernate-jpa-2.1-api/1.0.0.Final/hibernate-jpa-2.1-api-1.0.0.Final.jar!/javax/persistence/PersistenceContext.class

It was loaded from the following location:

    file:/C:/Users/rajeswararao.pamarth/.m2/repository/org/hibernate/javax/persistence/hibernate-jpa-2.0-api/1.0.1.Final/hibernate-jpa-2.0-api-1.0.1.Final.jar


Action:

Correct the classpath of your application so that it contains a single, compatible version of javax.persistence.PersistenceContext

2019-03-27 19:21:01 ERROR o.s.test.context.TestContextManager - Caught exception while allowing TestExecutionListener [org.springframework.boot.test.autoconfigure.SpringBootDependencyInjectionTestExecutionListener@7ed3df3b] to prepare test instance [in.education.student.BasicSecurityConfigurationTest@465b38e6]
java.lang.IllegalStateException: Failed to load ApplicationContext
	at org.springframework.test.context.cache.DefaultCacheAwareContextLoaderDelegate.loadContext(DefaultCacheAwareContextLoaderDelegate.java:125)
	at org.springframework.test.context.support.DefaultTestContext.getApplicationContext(DefaultTestContext.java:108)
	at org.springframework.test.context.support.DependencyInjectionTestExecutionListener.injectDependencies(DependencyInjectionTestExecutionListener.java:118)
	at org.springframework.test.context.support.DependencyInjectionTestExecutionListener.prepareTestInstance(DependencyInjectionTestExecutionListener.java:83)
	at org.springframework.boot.test.autoconfigure.SpringBootDependencyInjectionTestExecutionListener.prepareTestInstance(SpringBootDependencyInjectionTestExecutionListener.java:44)
	at org.springframework.test.context.TestContextManager.prepareTestInstance(TestContextManager.java:246)
	at org.springframework.test.context.junit4.SpringJUnit4ClassRunner.createTest(SpringJUnit4ClassRunner.java:227)
	at org.springframework.test.context.junit4.SpringJUnit4ClassRunner$1.runReflectiveCall(SpringJUnit4ClassRunner.java:289)
	at org.junit.internal.runners.model.ReflectiveCallable.run(ReflectiveCallable.java:12)
	at org.springframework.test.context.junit4.SpringJUnit4ClassRunner.methodBlock(SpringJUnit4ClassRunner.java:291)
	at org.springframework.test.context.junit4.SpringJUnit4ClassRunner.runChild(SpringJUnit4ClassRunner.java:246)
	at org.springframework.test.context.junit4.SpringJUnit4ClassRunner.runChild(SpringJUnit4ClassRunner.java:97)
	at org.junit.runners.ParentRunner$3.run(ParentRunner.java:290)
	at org.junit.runners.ParentRunner$1.schedule(ParentRunner.java:71)
	at org.junit.runners.ParentRunner.runChildren(ParentRunner.java:288)
	at org.junit.runners.ParentRunner.access$000(ParentRunner.java:58)
	at org.junit.runners.ParentRunner$2.evaluate(ParentRunner.java:268)
	at org.springframework.test.context.junit4.statements.RunBeforeTestClassCallbacks.evaluate(RunBeforeTestClassCallbacks.java:61)
	at org.springframework.test.context.junit4.statements.RunAfterTestClassCallbacks.evaluate(RunAfterTestClassCallbacks.java:70)
	at org.junit.runners.ParentRunner.run(ParentRunner.java:363)
	at org.springframework.test.context.junit4.SpringJUnit4ClassRunner.run(SpringJUnit4ClassRunner.java:190)
	at org.apache.maven.surefire.junit4.JUnit4Provider.execute(JUnit4Provider.java:365)
	at org.apache.maven.surefire.junit4.JUnit4Provider.executeWithRerun(JUnit4Provider.java:273)
	at org.apache.maven.surefire.junit4.JUnit4Provider.executeTestSet(JUnit4Provider.java:238)
	at org.apache.maven.surefire.junit4.JUnit4Provider.invoke(JUnit4Provider.java:159)
	at org.apache.maven.surefire.booter.ForkedBooter.invokeProviderInSameClassLoader(ForkedBooter.java:384)
	at org.apache.maven.surefire.booter.ForkedBooter.runSuitesInProcess(ForkedBooter.java:345)
	at org.apache.maven.surefire.booter.ForkedBooter.execute(ForkedBooter.java:126)
	at org.apache.maven.surefire.booter.ForkedBooter.main(ForkedBooter.java:418)
Caused by: org.springframework.beans.factory.BeanCreationException: Error creating bean with name 'userRepository': Post-processing of merged bean definition failed; nested exception is java.lang.NoSuchMethodError: javax.persistence.PersistenceContext.synchronization()Ljavax/persistence/SynchronizationType;
	at org.springframework.beans.factory.support.AbstractAutowireCapableBeanFactory.doCreateBean(AbstractAutowireCapableBeanFactory.java:570)
	at org.springframework.beans.factory.support.AbstractAutowireCapableBeanFactory.createBean(AbstractAutowireCapableBeanFactory.java:515)
	at org.springframework.beans.factory.support.AbstractBeanFactory.lambda$doGetBean$0(AbstractBeanFactory.java:320)
	at org.springframework.beans.factory.support.DefaultSingletonBeanRegistry.getSingleton(DefaultSingletonBeanRegistry.java:222)
	at org.springframework.beans.factory.support.AbstractBeanFactory.doGetBean(AbstractBeanFactory.java:318)
	at org.springframework.beans.factory.support.AbstractBeanFactory.getBean(AbstractBeanFactory.java:199)
	at org.springframework.beans.factory.support.DefaultListableBeanFactory.preInstantiateSingletons(DefaultListableBeanFactory.java:830)
	at org.springframework.context.support.AbstractApplicationContext.finishBeanFactoryInitialization(AbstractApplicationContext.java:877)
	at org.springframework.context.support.AbstractApplicationContext.refresh(AbstractApplicationContext.java:549)
	at org.springframework.boot.web.servlet.context.ServletWebServerApplicationContext.refresh(ServletWebServerApplicationContext.java:142)
	at org.springframework.boot.SpringApplication.refresh(SpringApplication.java:775)
	at org.springframework.boot.SpringApplication.refreshContext(SpringApplication.java:397)
	at org.springframework.boot.SpringApplication.run(SpringApplication.java:316)
	at org.springframework.boot.test.context.SpringBootContextLoader.loadContext(SpringBootContextLoader.java:127)
	at org.springframework.test.context.cache.DefaultCacheAwareContextLoaderDelegate.loadContextInternal(DefaultCacheAwareContextLoaderDelegate.java:99)
	at org.springframework.test.context.cache.DefaultCacheAwareContextLoaderDelegate.loadContext(DefaultCacheAwareContextLoaderDelegate.java:117)
	... 28 common frames omitted
Caused by: java.lang.NoSuchMethodError: javax.persistence.PersistenceContext.synchronization()Ljavax/persistence/SynchronizationType;
	at org.springframework.orm.jpa.support.PersistenceAnnotationBeanPostProcessor$PersistenceElement.<init>(PersistenceAnnotationBeanPostProcessor.java:665)
	at org.springframework.orm.jpa.support.PersistenceAnnotationBeanPostProcessor.lambda$buildPersistenceMetadata$1(PersistenceAnnotationBeanPostProcessor.java:447)
	at org.springframework.util.ReflectionUtils.doWithLocalMethods(ReflectionUtils.java:549)
	at org.springframework.orm.jpa.support.PersistenceAnnotationBeanPostProcessor.buildPersistenceMetadata(PersistenceAnnotationBeanPostProcessor.java:432)
	at org.springframework.orm.jpa.support.PersistenceAnnotationBeanPostProcessor.findPersistenceMetadata(PersistenceAnnotationBeanPostProcessor.java:406)
	at org.springframework.orm.jpa.support.PersistenceAnnotationBeanPostProcessor.postProcessMergedBeanDefinition(PersistenceAnnotationBeanPostProcessor.java:333)
	at org.springframework.beans.factory.support.AbstractAutowireCapableBeanFactory.applyMergedBeanDefinitionPostProcessors(AbstractAutowireCapableBeanFactory.java:1061)
	at org.springframework.beans.factory.support.AbstractAutowireCapableBeanFactory.doCreateBean(AbstractAutowireCapableBeanFactory.java:567)
	... 43 common frames omitted
]]></system-out>
  </testcase>
  <testcase name="whenUserWithWrongCredentials_thenUnauthorizedPage" classname="in.education.student.BasicSecurityConfigurationTest" time="0">
    <error message="Failed to load ApplicationContext" type="java.lang.IllegalStateException">java.lang.IllegalStateException: Failed to load ApplicationContext
Caused by: org.springframework.beans.factory.BeanCreationException: Error creating bean with name 'userRepository': Post-processing of merged bean definition failed; nested exception is java.lang.NoSuchMethodError: javax.persistence.PersistenceContext.synchronization()Ljavax/persistence/SynchronizationType;
Caused by: java.lang.NoSuchMethodError: javax.persistence.PersistenceContext.synchronization()Ljavax/persistence/SynchronizationType;
</error>
    <system-out><![CDATA[
  .   ____          _            __ _ _
 /\\ / ___'_ __ _ _(_)_ __  __ _ \ \ \ \
( ( )\___ | '_ | '_| | '_ \/ _` | \ \ \ \
 \\/  ___)| |_)| | | | | || (_| |  ) ) ) )
  '  |____| .__|_| |_|_| |_\__, | / / / /
 =========|_|==============|___/=/_/_/_/
 :: Spring Boot ::        (v2.1.3.RELEASE)

2019-03-27 19:21:01 WARN  o.s.b.t.j.DuplicateJsonObjectContextCustomizerFactory$DuplicateJsonObjectContextCustomizer - 

Found multiple occurrences of org.json.JSONObject on the class path:

	jar:file:/C:/Users/rajeswararao.pamarth/.m2/repository/com/vaadin/external/google/android-json/0.0.20131108.vaadin1/android-json-0.0.20131108.vaadin1.jar!/org/json/JSONObject.class
	jar:file:/C:/Users/rajeswararao.pamarth/.m2/repository/org/json/json/20090211/json-20090211.jar!/org/json/JSONObject.class

You may wish to exclude one of them to ensure predictable runtime behavior

2019-03-27 19:21:01 INFO  i.e.s.BasicSecurityConfigurationTest - Starting BasicSecurityConfigurationTest on MEIL5003-NAGASATYA with PID 16168 (started by rajeswararao.pamarth in D:\Workspaces\IntelliJWorkSpace\StudentApp)
2019-03-27 19:21:01 INFO  i.e.s.BasicSecurityConfigurationTest - No active profile set, falling back to default profiles: default
2019-03-27 19:21:01 INFO  o.s.d.r.c.RepositoryConfigurationDelegate - Bootstrapping Spring Data repositories in DEFAULT mode.
2019-03-27 19:21:01 INFO  o.s.d.r.c.RepositoryConfigurationDelegate - Finished Spring Data repository scanning in 14ms. Found 1 repository interfaces.
2019-03-27 19:21:01 INFO  o.s.c.s.PostProcessorRegistrationDelegate$BeanPostProcessorChecker - Bean 'org.springframework.transaction.annotation.ProxyTransactionManagementConfiguration' of type [org.springframework.transaction.annotation.ProxyTransactionManagementConfiguration$$EnhancerBySpringCGLIB$$c5567545] is not eligible for getting processed by all BeanPostProcessors (for example: not eligible for auto-proxying)
2019-03-27 19:21:01 INFO  o.s.b.w.e.tomcat.TomcatWebServer - Tomcat initialized with port(s): 0 (http)
2019-03-27 19:21:01 INFO  o.a.coyote.http11.Http11NioProtocol - Initializing ProtocolHandler ["http-nio-auto-3"]
2019-03-27 19:21:01 INFO  o.a.catalina.core.StandardService - Starting service [Tomcat]
2019-03-27 19:21:01 INFO  o.a.catalina.core.StandardEngine - Starting Servlet engine: [Apache Tomcat/9.0.16]
2019-03-27 19:21:01 INFO  org.apache.jasper.servlet.TldScanner - At least one JAR was scanned for TLDs yet contained no TLDs. Enable debug logging for this logger for a complete list of JARs that were scanned but no TLDs were found in them. Skipping unneeded JARs during scanning can improve startup time and JSP compilation time.
2019-03-27 19:21:01 INFO  o.a.c.c.C.[Tomcat-2].[localhost].[/] - Initializing Spring embedded WebApplicationContext
2019-03-27 19:21:01 INFO  o.s.web.context.ContextLoader - Root WebApplicationContext: initialization completed in 603 ms
2019-03-27 19:21:02 WARN  o.s.b.w.s.c.AnnotationConfigServletWebServerApplicationContext - Exception encountered during context initialization - cancelling refresh attempt: org.springframework.beans.factory.BeanCreationException: Error creating bean with name 'userRepository': Post-processing of merged bean definition failed; nested exception is java.lang.NoSuchMethodError: javax.persistence.PersistenceContext.synchronization()Ljavax/persistence/SynchronizationType;
2019-03-27 19:21:02 INFO  o.a.catalina.core.StandardService - Stopping service [Tomcat]
2019-03-27 19:21:02 INFO  o.s.b.a.l.ConditionEvaluationReportLoggingListener - 

Error starting ApplicationContext. To display the conditions report re-run your application with 'debug' enabled.
2019-03-27 19:21:02 ERROR o.s.b.d.LoggingFailureAnalysisReporter - 

***************************
APPLICATION FAILED TO START
***************************

Description:

An attempt was made to call the method javax.persistence.PersistenceContext.synchronization()Ljavax/persistence/SynchronizationType; but it does not exist. Its class, javax.persistence.PersistenceContext, is available from the following locations:

    jar:file:/C:/Users/rajeswararao.pamarth/.m2/repository/org/hibernate/javax/persistence/hibernate-jpa-2.0-api/1.0.1.Final/hibernate-jpa-2.0-api-1.0.1.Final.jar!/javax/persistence/PersistenceContext.class
    jar:file:/C:/Users/rajeswararao.pamarth/.m2/repository/org/hibernate/javax/persistence/hibernate-jpa-2.1-api/1.0.0.Final/hibernate-jpa-2.1-api-1.0.0.Final.jar!/javax/persistence/PersistenceContext.class

It was loaded from the following location:

    file:/C:/Users/rajeswararao.pamarth/.m2/repository/org/hibernate/javax/persistence/hibernate-jpa-2.0-api/1.0.1.Final/hibernate-jpa-2.0-api-1.0.1.Final.jar


Action:

Correct the classpath of your application so that it contains a single, compatible version of javax.persistence.PersistenceContext


  .   ____          _            __ _ _
 /\\ / ___'_ __ _ _(_)_ __  __ _ \ \ \ \
( ( )\___ | '_ | '_| | '_ \/ _` | \ \ \ \
 \\/  ___)| |_)| | | | | || (_| |  ) ) ) )
  '  |____| .__|_| |_|_| |_\__, | / / / /
 =========|_|==============|___/=/_/_/_/
 :: Spring Boot ::        (v2.1.3.RELEASE)

2019-03-27 19:21:02 WARN  o.s.b.t.j.DuplicateJsonObjectContextCustomizerFactory$DuplicateJsonObjectContextCustomizer - 

Found multiple occurrences of org.json.JSONObject on the class path:

	jar:file:/C:/Users/rajeswararao.pamarth/.m2/repository/com/vaadin/external/google/android-json/0.0.20131108.vaadin1/android-json-0.0.20131108.vaadin1.jar!/org/json/JSONObject.class
	jar:file:/C:/Users/rajeswararao.pamarth/.m2/repository/org/json/json/20090211/json-20090211.jar!/org/json/JSONObject.class

You may wish to exclude one of them to ensure predictable runtime behavior

2019-03-27 19:21:02 INFO  i.e.s.BasicSecurityConfigurationTest - Starting BasicSecurityConfigurationTest on MEIL5003-NAGASATYA with PID 16168 (started by rajeswararao.pamarth in D:\Workspaces\IntelliJWorkSpace\StudentApp)
2019-03-27 19:21:02 INFO  i.e.s.BasicSecurityConfigurationTest - No active profile set, falling back to default profiles: default
2019-03-27 19:21:02 INFO  o.s.d.r.c.RepositoryConfigurationDelegate - Bootstrapping Spring Data repositories in DEFAULT mode.
2019-03-27 19:21:02 INFO  o.s.d.r.c.RepositoryConfigurationDelegate - Finished Spring Data repository scanning in 16ms. Found 1 repository interfaces.
2019-03-27 19:21:02 INFO  o.s.c.s.PostProcessorRegistrationDelegate$BeanPostProcessorChecker - Bean 'org.springframework.transaction.annotation.ProxyTransactionManagementConfiguration' of type [org.springframework.transaction.annotation.ProxyTransactionManagementConfiguration$$EnhancerBySpringCGLIB$$c5567545] is not eligible for getting processed by all BeanPostProcessors (for example: not eligible for auto-proxying)
2019-03-27 19:21:02 INFO  o.s.b.w.e.tomcat.TomcatWebServer - Tomcat initialized with port(s): 0 (http)
2019-03-27 19:21:02 INFO  o.a.coyote.http11.Http11NioProtocol - Initializing ProtocolHandler ["http-nio-auto-4"]
2019-03-27 19:21:02 INFO  o.a.catalina.core.StandardService - Starting service [Tomcat]
2019-03-27 19:21:02 INFO  o.a.catalina.core.StandardEngine - Starting Servlet engine: [Apache Tomcat/9.0.16]
2019-03-27 19:21:02 INFO  org.apache.jasper.servlet.TldScanner - At least one JAR was scanned for TLDs yet contained no TLDs. Enable debug logging for this logger for a complete list of JARs that were scanned but no TLDs were found in them. Skipping unneeded JARs during scanning can improve startup time and JSP compilation time.
2019-03-27 19:21:02 INFO  o.a.c.c.C.[Tomcat-3].[localhost].[/] - Initializing Spring embedded WebApplicationContext
2019-03-27 19:21:02 INFO  o.s.web.context.ContextLoader - Root WebApplicationContext: initialization completed in 602 ms
2019-03-27 19:21:03 WARN  o.s.b.w.s.c.AnnotationConfigServletWebServerApplicationContext - Exception encountered during context initialization - cancelling refresh attempt: org.springframework.beans.factory.BeanCreationException: Error creating bean with name 'userRepository': Post-processing of merged bean definition failed; nested exception is java.lang.NoSuchMethodError: javax.persistence.PersistenceContext.synchronization()Ljavax/persistence/SynchronizationType;
2019-03-27 19:21:03 INFO  o.a.catalina.core.StandardService - Stopping service [Tomcat]
2019-03-27 19:21:03 INFO  o.s.b.a.l.ConditionEvaluationReportLoggingListener - 

Error starting ApplicationContext. To display the conditions report re-run your application with 'debug' enabled.
2019-03-27 19:21:03 ERROR o.s.b.d.LoggingFailureAnalysisReporter - 

***************************
APPLICATION FAILED TO START
***************************

Description:

An attempt was made to call the method javax.persistence.PersistenceContext.synchronization()Ljavax/persistence/SynchronizationType; but it does not exist. Its class, javax.persistence.PersistenceContext, is available from the following locations:

    jar:file:/C:/Users/rajeswararao.pamarth/.m2/repository/org/hibernate/javax/persistence/hibernate-jpa-2.0-api/1.0.1.Final/hibernate-jpa-2.0-api-1.0.1.Final.jar!/javax/persistence/PersistenceContext.class
    jar:file:/C:/Users/rajeswararao.pamarth/.m2/repository/org/hibernate/javax/persistence/hibernate-jpa-2.1-api/1.0.0.Final/hibernate-jpa-2.1-api-1.0.0.Final.jar!/javax/persistence/PersistenceContext.class

It was loaded from the following location:

    file:/C:/Users/rajeswararao.pamarth/.m2/repository/org/hibernate/javax/persistence/hibernate-jpa-2.0-api/1.0.1.Final/hibernate-jpa-2.0-api-1.0.1.Final.jar


Action:

Correct the classpath of your application so that it contains a single, compatible version of javax.persistence.PersistenceContext

2019-03-27 19:21:03 ERROR o.s.test.context.TestContextManager - Caught exception while allowing TestExecutionListener [org.springframework.boot.test.autoconfigure.SpringBootDependencyInjectionTestExecutionListener@7ed3df3b] to prepare test instance [in.education.student.BasicSecurityConfigurationTest@350323a0]
java.lang.IllegalStateException: Failed to load ApplicationContext
	at org.springframework.test.context.cache.DefaultCacheAwareContextLoaderDelegate.loadContext(DefaultCacheAwareContextLoaderDelegate.java:125)
	at org.springframework.test.context.support.DefaultTestContext.getApplicationContext(DefaultTestContext.java:108)
	at org.springframework.test.context.support.DependencyInjectionTestExecutionListener.injectDependencies(DependencyInjectionTestExecutionListener.java:118)
	at org.springframework.test.context.support.DependencyInjectionTestExecutionListener.prepareTestInstance(DependencyInjectionTestExecutionListener.java:83)
	at org.springframework.boot.test.autoconfigure.SpringBootDependencyInjectionTestExecutionListener.prepareTestInstance(SpringBootDependencyInjectionTestExecutionListener.java:44)
	at org.springframework.test.context.TestContextManager.prepareTestInstance(TestContextManager.java:246)
	at org.springframework.test.context.junit4.SpringJUnit4ClassRunner.createTest(SpringJUnit4ClassRunner.java:227)
	at org.springframework.test.context.junit4.SpringJUnit4ClassRunner$1.runReflectiveCall(SpringJUnit4ClassRunner.java:289)
	at org.junit.internal.runners.model.ReflectiveCallable.run(ReflectiveCallable.java:12)
	at org.springframework.test.context.junit4.SpringJUnit4ClassRunner.methodBlock(SpringJUnit4ClassRunner.java:291)
	at org.springframework.test.context.junit4.SpringJUnit4ClassRunner.runChild(SpringJUnit4ClassRunner.java:246)
	at org.springframework.test.context.junit4.SpringJUnit4ClassRunner.runChild(SpringJUnit4ClassRunner.java:97)
	at org.junit.runners.ParentRunner$3.run(ParentRunner.java:290)
	at org.junit.runners.ParentRunner$1.schedule(ParentRunner.java:71)
	at org.junit.runners.ParentRunner.runChildren(ParentRunner.java:288)
	at org.junit.runners.ParentRunner.access$000(ParentRunner.java:58)
	at org.junit.runners.ParentRunner$2.evaluate(ParentRunner.java:268)
	at org.springframework.test.context.junit4.statements.RunBeforeTestClassCallbacks.evaluate(RunBeforeTestClassCallbacks.java:61)
	at org.springframework.test.context.junit4.statements.RunAfterTestClassCallbacks.evaluate(RunAfterTestClassCallbacks.java:70)
	at org.junit.runners.ParentRunner.run(ParentRunner.java:363)
	at org.springframework.test.context.junit4.SpringJUnit4ClassRunner.run(SpringJUnit4ClassRunner.java:190)
	at org.apache.maven.surefire.junit4.JUnit4Provider.execute(JUnit4Provider.java:365)
	at org.apache.maven.surefire.junit4.JUnit4Provider.executeWithRerun(JUnit4Provider.java:273)
	at org.apache.maven.surefire.junit4.JUnit4Provider.executeTestSet(JUnit4Provider.java:238)
	at org.apache.maven.surefire.junit4.JUnit4Provider.invoke(JUnit4Provider.java:159)
	at org.apache.maven.surefire.booter.ForkedBooter.invokeProviderInSameClassLoader(ForkedBooter.java:384)
	at org.apache.maven.surefire.booter.ForkedBooter.runSuitesInProcess(ForkedBooter.java:345)
	at org.apache.maven.surefire.booter.ForkedBooter.execute(ForkedBooter.java:126)
	at org.apache.maven.surefire.booter.ForkedBooter.main(ForkedBooter.java:418)
Caused by: org.springframework.beans.factory.BeanCreationException: Error creating bean with name 'userRepository': Post-processing of merged bean definition failed; nested exception is java.lang.NoSuchMethodError: javax.persistence.PersistenceContext.synchronization()Ljavax/persistence/SynchronizationType;
	at org.springframework.beans.factory.support.AbstractAutowireCapableBeanFactory.doCreateBean(AbstractAutowireCapableBeanFactory.java:570)
	at org.springframework.beans.factory.support.AbstractAutowireCapableBeanFactory.createBean(AbstractAutowireCapableBeanFactory.java:515)
	at org.springframework.beans.factory.support.AbstractBeanFactory.lambda$doGetBean$0(AbstractBeanFactory.java:320)
	at org.springframework.beans.factory.support.DefaultSingletonBeanRegistry.getSingleton(DefaultSingletonBeanRegistry.java:222)
	at org.springframework.beans.factory.support.AbstractBeanFactory.doGetBean(AbstractBeanFactory.java:318)
	at org.springframework.beans.factory.support.AbstractBeanFactory.getBean(AbstractBeanFactory.java:199)
	at org.springframework.beans.factory.support.DefaultListableBeanFactory.preInstantiateSingletons(DefaultListableBeanFactory.java:830)
	at org.springframework.context.support.AbstractApplicationContext.finishBeanFactoryInitialization(AbstractApplicationContext.java:877)
	at org.springframework.context.support.AbstractApplicationContext.refresh(AbstractApplicationContext.java:549)
	at org.springframework.boot.web.servlet.context.ServletWebServerApplicationContext.refresh(ServletWebServerApplicationContext.java:142)
	at org.springframework.boot.SpringApplication.refresh(SpringApplication.java:775)
	at org.springframework.boot.SpringApplication.refreshContext(SpringApplication.java:397)
	at org.springframework.boot.SpringApplication.run(SpringApplication.java:316)
	at org.springframework.boot.test.context.SpringBootContextLoader.loadContext(SpringBootContextLoader.java:127)
	at org.springframework.test.context.cache.DefaultCacheAwareContextLoaderDelegate.loadContextInternal(DefaultCacheAwareContextLoaderDelegate.java:99)
	at org.springframework.test.context.cache.DefaultCacheAwareContextLoaderDelegate.loadContext(DefaultCacheAwareContextLoaderDelegate.java:117)
	... 28 common frames omitted
Caused by: java.lang.NoSuchMethodError: javax.persistence.PersistenceContext.synchronization()Ljavax/persistence/SynchronizationType;
	at org.springframework.orm.jpa.support.PersistenceAnnotationBeanPostProcessor$PersistenceElement.<init>(PersistenceAnnotationBeanPostProcessor.java:665)
	at org.springframework.orm.jpa.support.PersistenceAnnotationBeanPostProcessor.lambda$buildPersistenceMetadata$1(PersistenceAnnotationBeanPostProcessor.java:447)
	at org.springframework.util.ReflectionUtils.doWithLocalMethods(ReflectionUtils.java:549)
	at org.springframework.orm.jpa.support.PersistenceAnnotationBeanPostProcessor.buildPersistenceMetadata(PersistenceAnnotationBeanPostProcessor.java:432)
	at org.springframework.orm.jpa.support.PersistenceAnnotationBeanPostProcessor.findPersistenceMetadata(PersistenceAnnotationBeanPostProcessor.java:406)
	at org.springframework.orm.jpa.support.PersistenceAnnotationBeanPostProcessor.postProcessMergedBeanDefinition(PersistenceAnnotationBeanPostProcessor.java:333)
	at org.springframework.beans.factory.support.AbstractAutowireCapableBeanFactory.applyMergedBeanDefinitionPostProcessors(AbstractAutowireCapableBeanFactory.java:1061)
	at org.springframework.beans.factory.support.AbstractAutowireCapableBeanFactory.doCreateBean(AbstractAutowireCapableBeanFactory.java:567)
	... 43 common frames omitted
]]></system-out>
  </testcase>
</testsuite>